<?xml version="1.0" encoding="UTF-8"?>
<testsuite xmlns:xsi="http://www.w3.org/2001/XMLSchema-instance" xsi:noNamespaceSchemaLocation="https://maven.apache.org/surefire/maven-surefire-plugin/xsd/surefire-test-report-3.0.xsd" version="3.0" name="com.zjjhy.springboot.SpringbootApplicationTests" time="3.456" tests="1" errors="0" skipped="0" failures="0">
  <properties>
[...]
</properties>
  <testcase name="contextLoads" classname="com.zjjhy.springboot.SpringbootApplicationTests" time="1.008">
    <system-out><![CDATA[22:59:16.358 [main] INFO org.springframework.test.context.support.AnnotationConfigContextLoaderUtils -- Could not detect default configuration classes for test class [com.zjjhy.springboot.SpringbootApplicationTests]: SpringbootApplicationTests does not declare any static, non-private, non-final, nested classes annotated with @Configuration.
22:59:16.444 [main] INFO org.springframework.boot.test.context.SpringBootTestContextBootstrapper -- Found @SpringBootConfiguration com.zjjhy.SpringbootApplication for test class com.zjjhy.springboot.SpringbootApplicationTests

  .   ____          _            __ _ _
 /\\ / ___'_ __ _ _(_)_ __  __ _ \ \ \ \
( ( )\___ | '_ | '_| | '_ \/ _` | \ \ \ \
 \\/  ___)| |_)| | | | | || (_| |  ) ) ) )
  '  |____| .__|_| |_|_| |_\__, | / / / /
 =========|_|==============|___/=/_/_/_/

 :: Spring Boot ::                (v3.3.5)

2024-11-24T22:59:16.734+08:00  INFO 40592 --- [           main] c.z.s.SpringbootApplicationTests         : Starting SpringbootApplicationTests using Java 21.0.2 with PID 40592 (started by 李东升 in D:\develop\idea_project\my_blog\springboot)
2024-11-24T22:59:16.735+08:00  INFO 40592 --- [           main] c.z.s.SpringbootApplicationTests         : No active profile set, falling back to 1 default profile: "default"
Logging initialized using 'class org.apache.ibatis.logging.stdout.StdOutImpl' adapter.
2024-11-24T22:59:17.848+08:00  INFO 40592 --- [           main] c.zjjhy.common.config.OssConfiguration   : 开始创建阿里云文件上传工具类对象:AliOssProperties(endpoint=oss-cn-hangzhou.aliyuncs.com, accessKeyId=LTAI5tLNK3ww14WgYLnP78uB, accessKeySecret=l4lGvWWJDIrQWyeLwttuLgsJ52bhkw, bucketName=web-tlias-lidongshen)
2024-11-24T22:59:17.923+08:00 ERROR 40592 --- [           main] o.a.catalina.core.AprLifecycleListener   : An incompatible version [1.2.24] of the Apache Tomcat Native library is installed, while Tomcat requires version [1.2.34]
2024-11-24T22:59:18.660+08:00  INFO 40592 --- [           main] c.z.s.SpringbootApplicationTests         : Started SpringbootApplicationTests in 2.12 seconds (process running for 2.803)
]]></system-out>
    <system-err><![CDATA[WARNING: A Java agent has been loaded dynamically (D:\develop\software\apache-maven-3.9.6\mvn_repo\net\bytebuddy\byte-buddy-agent\1.14.19\byte-buddy-agent-1.14.19.jar)
WARNING: If a serviceability tool is in use, please run with -XX:+EnableDynamicAgentLoading to hide this warning
WARNING: If a serviceability tool is not in use, please run with -Djdk.instrument.traceUsage for more information
WARNING: Dynamic loading of agents will be disallowed by default in a future release
]]></system-err>
  </testcase>
</testsuite>